\BOOKMARK [0][-]{section*.1}{\376\377\000D\000e\000c\000l\000a\000r\000a\000t\000i\000o\000n\000\040\000o\000f\000\040\000A\000u\000t\000h\000o\000r\000s\000h\000i\000p}{}% 1
\BOOKMARK [0][-]{section*.2}{\376\377\000A\000b\000s\000t\000r\000a\000c\000t}{}% 2
\BOOKMARK [0][-]{section*.3}{\376\377\000A\000c\000k\000n\000o\000w\000l\000e\000d\000g\000e\000m\000e\000n\000t\000s}{}% 3
\BOOKMARK [0][-]{chapter.9}{\376\377\000I\000n\000t\000r\000o\000d\000u\000c\000t\000i\000o\000n}{}% 4
\BOOKMARK [1][-]{section.10}{\376\377\000S\000o\000f\000t\000w\000a\000r\000e\000\040\000T\000e\000s\000t\000i\000n\000g}{chapter.9}% 5
\BOOKMARK [2][-]{subsection.11}{\376\377\000B\000l\000a\000c\000k\000-\000b\000o\000x\000\040\000s\000o\000f\000t\000w\000a\000r\000e\000\040\000t\000e\000s\000t\000i\000n\000g}{section.10}% 6
\BOOKMARK [1][-]{section.12}{\376\377\000M\000o\000t\000i\000v\000a\000t\000i\000o\000n}{chapter.9}% 7
\BOOKMARK [1][-]{section.13}{\376\377\000R\000e\000s\000e\000a\000r\000c\000h\000\040\000Q\000u\000e\000s\000t\000i\000o\000n\000s\000\040\000a\000n\000d\000\040\000O\000b\000j\000e\000c\000t\000i\000v\000e}{chapter.9}% 8
\BOOKMARK [0][-]{chapter.14}{\376\377\000S\000t\000a\000t\000e\000\040\000o\000f\000\040\000t\000h\000e\000\040\000A\000r\000t}{}% 9
\BOOKMARK [1][-]{section.15}{\376\377\000S\000o\000f\000t\000w\000a\000r\000e\000\040\000T\000e\000s\000t\000i\000n\000g}{chapter.14}% 10
\BOOKMARK [2][-]{subsection.16}{\376\377\000C\000o\000m\000b\000i\000n\000a\000t\000o\000r\000i\000a\000l\000\040\000T\000e\000s\000t\000i\000n\000g}{section.15}% 11
\BOOKMARK [2][-]{subsection.17}{\376\377\000T\000h\000e\000\040\000O\000r\000a\000c\000l\000e\000\040\000P\000r\000o\000b\000l\000e\000m}{section.15}% 12
\BOOKMARK [1][-]{section.18}{\376\377\000M\000a\000n\000i\000p\000u\000l\000a\000t\000i\000o\000n\000\040\000T\000e\000c\000h\000n\000i\000q\000u\000e\000s}{chapter.14}% 13
\BOOKMARK [2][-]{subsection.19}{\376\377\000S\000A\000T\000\040\000a\000n\000d\000\040\000S\000M\000T\000\040\000s\000o\000l\000v\000e\000r\000s}{section.18}% 14
\BOOKMARK [2][-]{subsection.20}{\376\377\000S\000e\000a\000r\000c\000h\000-\000b\000a\000s\000e\000d\000\040\000S\000o\000f\000t\000w\000a\000r\000e\000\040\000E\000n\000g\000i\000n\000e\000e\000r\000i\000n\000g}{section.18}% 15
\BOOKMARK [2][-]{subsection.21}{\376\377\000M\000o\000d\000e\000l\000\040\000C\000h\000e\000c\000k\000e\000r\000s}{section.18}% 16
\BOOKMARK [1][-]{section.22}{\376\377\000A\000u\000t\000o\000m\000a\000t\000e\000d\000\040\000P\000r\000o\000g\000r\000a\000m\000\040\000R\000e\000p\000a\000i\000r}{chapter.14}% 17
\BOOKMARK [1][-]{section.23}{\376\377\000M\000o\000d\000e\000l\000\040\000T\000r\000a\000n\000s\000f\000o\000r\000m\000a\000t\000i\000o\000n\000s}{chapter.14}% 18
\BOOKMARK [2][-]{subsection.24}{\376\377\000S\000o\000f\000t\000w\000a\000r\000e\000\040\000P\000r\000o\000d\000u\000c\000t\000\040\000L\000i\000n\000e\000s}{section.23}% 19
\BOOKMARK [2][-]{subsection.25}{\376\377\000T\000i\000m\000e\000d\000\040\000A\000u\000t\000o\000m\000a\000t\000a}{section.23}% 20
\BOOKMARK [2][-]{subsection.26}{\376\377\000A\000b\000s\000t\000r\000a\000c\000t\000\040\000S\000t\000a\000t\000e\000\040\000M\000a\000c\000h\000i\000n\000e\000s}{section.23}% 21
\BOOKMARK [1][-]{section.27}{\376\377\000S\000y\000s\000t\000e\000m\000a\000t\000i\000c\000\040\000L\000i\000t\000e\000r\000a\000t\000u\000r\000e\000\040\000R\000e\000v\000i\000e\000w\000\040\000-\000\040\000M\000o\000d\000e\000l\000\040\000R\000e\000p\000a\000i\000r}{chapter.14}% 22
\BOOKMARK [0][-]{chapter.28}{\376\377\000A\000p\000p\000r\000o\000a\000c\000h\000\040\000a\000n\000d\000\040\000U\000n\000i\000q\000u\000e\000n\000e\000s\000s}{}% 23
\BOOKMARK [0][-]{chapter.29}{\376\377\000R\000e\000q\000u\000e\000s\000t\000-\000D\000r\000i\000v\000e\000n\000\040\000R\000e\000p\000a\000i\000r}{}% 24
\BOOKMARK [0][-]{chapter.30}{\376\377\000F\000a\000i\000l\000u\000r\000e\000-\000D\000r\000i\000v\000e\000n\000\040\000R\000e\000p\000a\000i\000r}{}% 25
\BOOKMARK [1][-]{section.31}{\376\377\000R\000e\000p\000a\000i\000r\000\040\000o\000f\000\040\000C\000o\000n\000f\000i\000g\000u\000r\000a\000t\000i\000o\000n\000\040\000C\000o\000n\000s\000t\000r\000a\000i\000n\000t\000s}{chapter.30}% 26
\BOOKMARK [1][-]{section.32}{\376\377\000T\000e\000s\000t\000-\000D\000r\000i\000v\000e\000n\000\040\000M\000o\000d\000e\000l\000\040\000E\000v\000o\000l\000u\000t\000i\000o\000n\000\040\000i\000n\000\040\000X\000S\000S\000\040\000V\000u\000l\000n\000e\000r\000a\000b\000i\000l\000i\000t\000y\000\040\000D\000e\000t\000e\000c\000t\000i\000o\000n}{chapter.30}% 27
\BOOKMARK [1][-]{section.33}{\376\377\000R\000e\000p\000a\000i\000r\000i\000n\000g\000\040\000T\000i\000m\000e\000d\000\040\000A\000u\000t\000o\000m\000a\000t\000a\000\040\000C\000l\000o\000c\000k\000\040\000G\000u\000a\000r\000d\000s\000\040\000t\000h\000r\000o\000u\000g\000h\000\040\000A\000b\000s\000t\000r\000a\000c\000t\000i\000o\000n\000\040\000a\000n\000d\000\040\000T\000e\000s\000t\000i\000n\000g}{chapter.30}% 28
\BOOKMARK [0][-]{chapter.34}{\376\377\000T\000o\000o\000l\000s}{}% 29
\BOOKMARK [1][-]{section.35}{\376\377\000C\000T\000W\000e\000d\000g\000e\000:\000\040\000M\000i\000g\000r\000a\000t\000i\000n\000g\000\040\000C\000o\000m\000b\000i\000n\000a\000t\000o\000r\000i\000a\000l\000\040\000I\000n\000t\000e\000r\000a\000c\000t\000i\000o\000n\000\040\000T\000e\000s\000t\000\040\000M\000o\000d\000e\000l\000i\000n\000g\000\040\000a\000n\000d\000\040\000G\000e\000n\000e\000r\000a\000t\000i\000o\000n\000\040\000t\000o\000\040\000t\000h\000e\000\040\000W\000e\000b}{chapter.34}% 30
\BOOKMARK [1][-]{section.36}{\376\377\000M\000i\000x\000T\000g\000T\000e\000:\000\040\000E\000f\000f\000i\000c\000i\000e\000n\000t\000\040\000a\000n\000d\000\040\000G\000u\000a\000r\000a\000n\000t\000e\000e\000d\000\040\000D\000e\000t\000e\000c\000t\000i\000o\000n\000\040\000o\000f\000\040\000t\000-\000W\000a\000y\000\040\000F\000a\000i\000l\000u\000r\000e\000-\000I\000n\000d\000u\000c\000i\000n\000g\000\040\000C\000o\000m\000b\000i\000n\000a\000t\000i\000o\000n\000s}{chapter.34}% 31
\BOOKMARK [0][-]{chapter.37}{\376\377\000C\000o\000n\000c\000l\000u\000s\000i\000o\000n\000s\000\040\000a\000n\000d\000\040\000F\000u\000t\000u\000r\000e\000\040\000W\000o\000r\000k}{}% 32
\BOOKMARK [0][-]{appendix.38}{\376\377\000F\000r\000e\000q\000u\000e\000n\000t\000l\000y\000\040\000A\000s\000k\000e\000d\000\040\000Q\000u\000e\000s\000t\000i\000o\000n\000s}{}% 33
\BOOKMARK [1][-]{section.39}{\376\377\000H\000o\000w\000\040\000d\000o\000\040\000I\000\040\000c\000h\000a\000n\000g\000e\000\040\000t\000h\000e\000\040\000c\000o\000l\000o\000r\000s\000\040\000o\000f\000\040\000l\000i\000n\000k\000s\000?}{appendix.38}% 34
